Arguments: 
  /usr/local/bin/node /usr/local/bin/yarn -i

PATH: 
  /usr/local/bin:/usr/bin:/bin:/usr/sbin:/sbin

Yarn version: 
  0.21.3

Node version: 
  6.10.0

Platform: 
  darwin x64

npm manifest: 
  {
    "name": "voting-dem",
    "version": "1.0.0",
    "description": "",
    "main": "index.js",
    "scripts": {
      "start": "babel-node ",
      "test": "./node_modules/mocha/bin/mocha --compilers js:babel-core/register --recursive",
      "test:watch": "npm run test -- --watch"
    },
    "keywords": [],
    "author": "",
    "license": "ISC",
    "devDependencies": {
      "babel-cli": "^6.24.1",
      "babel-core": "^6.24.1",
      "babel-preset-es2015": "^6.24.1",
      "chai": "^3.5.0",
      "chai-immutable": "^1.6.0",
      "mocha": "^3.3.0"
    },
    "babel": {
      "presets": [
        "es2015"
      ]
    },
    "dependencies": {
      "immutable": "^3.8.1",
      "redux": "^3.6.0",
      "socket.io": "^2.0.2"
    }
  }

yarn manifest: 
  No manifest

Lockfile: 
  No lockfile

Trace: 
  Error: EACCES: permission denied, mkdir '/Users/nox/Work/code/voting-dem/node_modules/mocha/node_modules/glob'
      at Error (native)
